[debug] [2025-02-20T00:20:47.274Z] ----------------------------------------------------------------------
[debug] [2025-02-20T00:20:47.275Z] Command:       /Users/jefferygraham/.nvm/versions/node/v20.10.0/bin/node /Users/jefferygraham/.nvm/versions/node/v20.10.0/bin/firebase init hosting:github
[debug] [2025-02-20T00:20:47.276Z] CLI Version:   13.31.2
[debug] [2025-02-20T00:20:47.276Z] Platform:      darwin
[debug] [2025-02-20T00:20:47.276Z] Node Version:  v20.10.0
[debug] [2025-02-20T00:20:47.276Z] Time:          Wed Feb 19 2025 19:20:47 GMT-0500 (Eastern Standard Time)
[debug] [2025-02-20T00:20:47.276Z] ----------------------------------------------------------------------
[debug] 
[debug] [2025-02-20T00:20:47.366Z] > command requires scopes: ["email","openid","https://www.googleapis.com/auth/cloudplatformprojects.readonly","https://www.googleapis.com/auth/firebase","https://www.googleapis.com/auth/cloud-platform"]
[debug] [2025-02-20T00:20:47.366Z] > authorizing via signed-in user (jeffery.lemar.graham@gmail.com)
[info] 
     ######## #### ########  ######## ########     ###     ######  ########
     ##        ##  ##     ## ##       ##     ##  ##   ##  ##       ##
     ######    ##  ########  ######   ########  #########  ######  ######
     ##        ##  ##    ##  ##       ##     ## ##     ##       ## ##
     ##       #### ##     ## ######## ########  ##     ##  ######  ########

You're about to initialize a Firebase project in this directory:

  /Users/jefferygraham/Desktop/projects/student-tracking-app

Before we get started, keep in mind:

  * You are initializing within an existing Firebase project directory

[info] 
=== Project Setup
[info] 
[info] First, let's associate this project directory with a Firebase project.
[info] You can create multiple project aliases by running firebase use --add, 
[info] but for now we'll just set up a default project.
[info] 
[debug] [2025-02-20T00:20:47.368Z] Using project from CLI flag: student-tracking-app-eba24
[debug] [2025-02-20T00:20:47.368Z] Checked if tokens are valid: true, expires at: 1740012969958
[debug] [2025-02-20T00:20:47.368Z] Checked if tokens are valid: true, expires at: 1740012969958
[debug] [2025-02-20T00:20:47.369Z] >>> [apiv2][query] GET https://firebase.googleapis.com/v1beta1/projects/student-tracking-app-eba24 [none]
[debug] [2025-02-20T00:20:47.807Z] <<< [apiv2][status] GET https://firebase.googleapis.com/v1beta1/projects/student-tracking-app-eba24 200
[debug] [2025-02-20T00:20:47.807Z] <<< [apiv2][body] GET https://firebase.googleapis.com/v1beta1/projects/student-tracking-app-eba24 {"projectId":"student-tracking-app-eba24","projectNumber":"245794196868","displayName":"student-tracking-app","name":"projects/student-tracking-app-eba24","resources":{"hostingSite":"student-tracking-app-eba24"},"state":"ACTIVE","etag":"1_58f55486-1ad4-4bca-857d-522f72ec45db"}
[info] i  Using project student-tracking-app-eba24 (student-tracking-app) 
[info] 
=== Hosting:github Setup
[info] 
[info] i  Detected a .git folder at /Users/jefferygraham/Desktop/projects/student-tracking-app 
[info] i  Authorizing with GitHub to upload your service account to a GitHub repository's secrets store. 
[info] 
[info] Visit this URL on this device to log in:
[info] https://github.com/login/oauth/authorize?client_id=89cf50f02ac6aaed3484&state=319550813&redirect_uri=http%3A%2F%2Flocalhost%3A9005&scope=read%3Auser%20repo%20public_repo
[info] 
[info] Waiting for authentication...
